-------------------------------------------------------------------------------
Test set: traveltracker.features.search.SearchByKeywordStory
-------------------------------------------------------------------------------
Tests run: 3, Failures: 1, Errors: 0, Skipped: 1, Time elapsed: 17.103 s <<< FAILURE! - in traveltracker.features.search.SearchByKeywordStory
traveltracker.features.search.SearchByKeywordStory.searching_by_keyword_banana_should_display_the_corresponding_article  Time elapsed: 10.21 s  <<< FAILURE!
java.lang.AssertionError: 

Expected: a collection containing a string containing "An edible fruit produced by the pear tree, similar to an apple but elongated towards the stem."
     but: was "An edible fruit produced by the pear tree, similar to an apple but typically elongated towards the stem.", was "A type of fruit tree (Pyrus communis). synonym ▲
Synonym: pear tree", was "The wood of the pear tree (pearwood, pear wood).", was "Choke pear (a torture device).", was "(Jamaica) avocado, alligator pear", was "A desaturated chartreuse yellow colour, like that of a pear.
pear:  "
	at map.pins@1.0-SNAPSHOT/traveltracker.features.search.SearchByKeywordStory.searching_by_keyword_banana_should_display_the_corresponding_article(SearchByKeywordStory.java:37)

