<?xml version="1.0" encoding="UTF-8"?><testsuite errors="0" failures="0" name="traveltracker.features.search.SeeLocationsPinsOnMapStory" skipped="0" tests="4" time="31.88" timestamp="2024-05-18 10:54:14"><testcase classname="traveltracker.features.search.SeeLocationsPinsOnMapStory" name="Add destination with valid country and city from public list pin should be displayed on citys centre"/><testcase classname="traveltracker.features.search.SeeLocationsPinsOnMapStory" name="Add destination with invalid country and city pin shoudld not be displayed"/><testcase classname="traveltracker.features.search.SeeLocationsPinsOnMapStory" name="Add destination with valid country invalid city pin shoudld be displayed on countrys centre"/><testcase classname="traveltracker.features.search.SeeLocationsPinsOnMapStory" name="Add destination with invalid country valid city pin shoudld be displayed on citys centre"/></testsuite>